<?xml version="1.0" encoding="UTF-8"?>
<testsuite name="com.kodilla.stream.world.QuantityOfPeopleTestSuite" tests="1" skipped="0" failures="0" errors="0" timestamp="2017-12-12T10:51:43" hostname="DESKTOP-V51MGL0" time="0.018">
  <properties/>
  <testcase name="getPeopleQuantityTest" classname="com.kodilla.stream.world.QuantityOfPeopleTestSuite" time="0.018"/>
  <system-out><![CDATA[1142000000
]]></system-out>
  <system-err><![CDATA[]]></system-err>
</testsuite>
