<?xml version="1.0" encoding="UTF-8"?>
<testsuite name="com.kodilla.stream.invoice.SimpleInvoiceTestSuite" tests="1" skipped="0" failures="0" errors="0" timestamp="2017-12-12T10:51:43" hostname="DESKTOP-V51MGL0" time="0.017">
  <properties/>
  <testcase name="testGetValueToPay" classname="com.kodilla.stream.invoice.SimpleInvoiceTestSuite" time="0.017"/>
  <system-out><![CDATA[]]></system-out>
  <system-err><![CDATA[]]></system-err>
</testsuite>
