<?xml version="1.0" encoding="UTF-8"?>
<testsuite name="com.kodilla.testing.collection.CollectionTestSuite" tests="2" skipped="0" failures="0" errors="0" timestamp="2017-12-12T10:51:56" hostname="DESKTOP-V51MGL0" time="0.034">
  <properties/>
  <testcase name="testOddNumbersExterminatorEmptyList" classname="com.kodilla.testing.collection.CollectionTestSuite" time="0.03"/>
  <testcase name="testOddNumbersExterminatorNormalList" classname="com.kodilla.testing.collection.CollectionTestSuite" time="0.001"/>
  <system-out><![CDATA[RozpoczÄ™to kolejny przypadek testowy 
 Pusta Lista
ZakoĹ„czono przypadek testowy.
RozpoczÄ™to kolejny przypadek testowy 
 Normalna Lista
ZakoĹ„czono przypadek testowy.
]]></system-out>
  <system-err><![CDATA[]]></system-err>
</testsuite>
