<?xml version="1.0" encoding="UTF-8"?>
<testsuite name="com.kodilla.testing.shape.ShapeCollectorTestSuite" tests="4" skipped="0" failures="0" errors="0" timestamp="2017-08-19T17:23:30" hostname="DESKTOP-V51MGL0" time="0.011">
  <properties/>
  <testcase name="testShowFigures" classname="com.kodilla.testing.shape.ShapeCollectorTestSuite" time="0.007"/>
  <testcase name="testRemoveFigure" classname="com.kodilla.testing.shape.ShapeCollectorTestSuite" time="0.0"/>
  <testcase name="testAddFigure" classname="com.kodilla.testing.shape.ShapeCollectorTestSuite" time="0.001"/>
  <testcase name="testGetFigure" classname="com.kodilla.testing.shape.ShapeCollectorTestSuite" time="0.001"/>
  <system-out><![CDATA[]]></system-out>
  <system-err><![CDATA[]]></system-err>
</testsuite>
