<?xml version="1.0" encoding="UTF-8"?>
<testsuite name="FlightFinderTestSuit" tests="6" skipped="0" failures="0" errors="0" timestamp="2017-12-12T10:51:24" hostname="DESKTOP-V51MGL0" time="0.193">
  <properties/>
  <testcase name="searchFlightFromEmpty" classname="FlightFinderTestSuit" time="0.169"/>
  <testcase name="searchFlightTestNoResult" classname="FlightFinderTestSuit" time="0.01"/>
  <testcase name="searchFlightToTestEmpty" classname="FlightFinderTestSuit" time="0.002"/>
  <testcase name="searchFlightTestNormal" classname="FlightFinderTestSuit" time="0.004"/>
  <testcase name="searchFlightFromNormal" classname="FlightFinderTestSuit" time="0.0"/>
  <testcase name="searchFlightToTestNormal" classname="FlightFinderTestSuit" time="0.001"/>
  <system-out><![CDATA[]]></system-out>
  <system-err><![CDATA[]]></system-err>
</testsuite>
