<?xml version="1.0" encoding="UTF-8"?>
<testsuite name="FlightFinderTestSuit" tests="6" skipped="0" failures="0" errors="0" timestamp="2017-11-24T01:48:20" hostname="DESKTOP-V51MGL0" time="0.125">
  <properties/>
  <testcase name="searchFlightFromEmpty" classname="FlightFinderTestSuit" time="0.11"/>
  <testcase name="searchFlightTestNoResult" classname="FlightFinderTestSuit" time="0.0"/>
  <testcase name="searchFlightToTestEmpty" classname="FlightFinderTestSuit" time="0.0"/>
  <testcase name="searchFlightTestNormal" classname="FlightFinderTestSuit" time="0.0"/>
  <testcase name="searchFlightFromNormal" classname="FlightFinderTestSuit" time="0.0"/>
  <testcase name="searchFlightToTestNormal" classname="FlightFinderTestSuit" time="0.015"/>
  <system-out><![CDATA[]]></system-out>
  <system-err><![CDATA[]]></system-err>
</testsuite>
