<?xml version="1.0" encoding="UTF-8"?>
<testsuite name="com.kodilla.jdbc.StoredProcTestSuite" tests="1" skipped="0" failures="0" errors="0" timestamp="2017-12-12T10:51:31" hostname="DESKTOP-V51MGL0" time="0.505">
  <properties/>
  <testcase name="testCheckBestSeller" classname="com.kodilla.jdbc.StoredProcTestSuite" time="0.505"/>
  <system-out><![CDATA[]]></system-out>
  <system-err><![CDATA[]]></system-err>
</testsuite>
