<?xml version="1.0" encoding="UTF-8"?>
<testsuite name="com.kodilla.jdbc.DbManagerTestSuite" tests="2" skipped="0" failures="0" errors="0" timestamp="2017-12-12T10:51:29" hostname="DESKTOP-V51MGL0" time="1.8">
  <properties/>
  <testcase name="testConnect" classname="com.kodilla.jdbc.DbManagerTestSuite" time="1.68"/>
  <testcase name="testSelectUsersAndPosts" classname="com.kodilla.jdbc.DbManagerTestSuite" time="0.119"/>
  <system-out><![CDATA[Zachary, Lee
Stephanie, Kovalsky
]]></system-out>
  <system-err><![CDATA[]]></system-err>
</testsuite>
